<?xml version="1.0" encoding="UTF-8"?>
<!-- Generated by org.testng.reporters.JUnitReportReporter -->
<testsuite hostname="Fatimas-Air" failures="0" tests="13" name="SeleniumAutomation.Tests.TestTo" time="50.625" errors="0" timestamp="06 Jun 2023 06:40:59 GMT" skipped="0">
  <testcase classname="SeleniumAutomation.Tests.TestTo" name="VerifyMidtransPillowHasAddedIntoCart" time="0.128"/>
  <testcase classname="SeleniumAutomation.Tests.TestTo" name="VerifyBuyNowBtnTookToShoppingCart" time="0.234"/>
  <testcase classname="SeleniumAutomation.Tests.TestTo" name="VerifyNameEmailCityAddressPhoneNumberPostalCodeIsAvailable" time="0.248"/>
  <testcase classname="SeleniumAutomation.Tests.TestTo" name="VerifyNameEmailCityAddressPhoneNumberPostalCodeIsEditable" time="1.640"/>
  <testcase classname="SeleniumAutomation.Tests.TestTo" name="VerifyCheckOutBtnRedirectsToSummaryPage" time="0.091"/>
  <testcase classname="SeleniumAutomation.Tests.TestTo" name="VerifyAllInfoAboutOrderIsVisibleOnSummaryPopUp" time="5.082"/>
  <testcase classname="SeleniumAutomation.Tests.TestTo" name="VerifyAllPaymentMethodsListedOnSummaryPage" time="10.072"/>
  <testcase classname="SeleniumAutomation.Tests.TestTo" name="VerifyCickingOnCreditOrDebitCardRedirectToCardDetails" time="5.165"/>
  <testcase classname="SeleniumAutomation.Tests.TestTo" name="VerifyOrderAmountOnCreditCardScreen" time="4.176"/>
  <testcase classname="SeleniumAutomation.Tests.TestTo" name="VerifyCardDetailsAreEditable" time="3.499"/>
  <testcase classname="SeleniumAutomation.Tests.TestTo" name="VerifyPromoCodeBtnWorks" time="2.093"/>
  <testcase classname="SeleniumAutomation.Tests.TestTo" name="VerifyClickingOnPaynowRedirectUsrtoBankPaymentScreen" time="0.097"/>
  <testcase classname="SeleniumAutomation.Tests.TestTo" name="VerifyClickingOnOKBtnWithValidOTP" time="18.100"/>
</testsuite> <!-- SeleniumAutomation.Tests.TestTo -->
