<?xml version="1.0" encoding="UTF-8"?>
<!-- Generated by org.testng.reporters.JUnitReportReporter -->
<testsuite hostname="Fatimas-Air" failures="0" tests="13" name="SeleniumAutomation.Tests.TestTo" time="53.463" errors="0" timestamp="09 Jun 2023 02:44:53 GMT" skipped="0">
  <testcase classname="SeleniumAutomation.Tests.TestTo" name="VerifyMidtransPillowHasAddedIntoCart" time="0.401"/>
  <testcase classname="SeleniumAutomation.Tests.TestTo" name="VerifyBuyNowBtnTookToShoppingCart" time="0.283"/>
  <testcase classname="SeleniumAutomation.Tests.TestTo" name="VerifyNameEmailCityAddressPhoneNumberPostalCodeIsAvailable" time="0.604"/>
  <testcase classname="SeleniumAutomation.Tests.TestTo" name="VerifyNameEmailCityAddressPhoneNumberPostalCodeIsEditable" time="3.459"/>
  <testcase classname="SeleniumAutomation.Tests.TestTo" name="VerifyCheckOutBtnRedirectsToSummaryPage" time="0.193"/>
  <testcase classname="SeleniumAutomation.Tests.TestTo" name="VerifyAllInfoAboutOrderIsVisibleOnSummaryPopUp" time="5.112"/>
  <testcase classname="SeleniumAutomation.Tests.TestTo" name="VerifyAllPaymentMethodsListedOnSummaryPage" time="10.067"/>
  <testcase classname="SeleniumAutomation.Tests.TestTo" name="VerifyCickingOnCreditOrDebitCardRedirectToCardDetails" time="5.454"/>
  <testcase classname="SeleniumAutomation.Tests.TestTo" name="VerifyOrderAmountOnCreditCardScreen" time="4.301"/>
  <testcase classname="SeleniumAutomation.Tests.TestTo" name="VerifyCardDetailsAreEditable" time="4.054"/>
  <testcase classname="SeleniumAutomation.Tests.TestTo" name="VerifyPromoCodeBtnWorks" time="2.174"/>
  <testcase classname="SeleniumAutomation.Tests.TestTo" name="VerifyClickingOnPaynowRedirectUsrtoBankPaymentScreen" time="0.192"/>
  <testcase classname="SeleniumAutomation.Tests.TestTo" name="VerifyClickingOnOKBtnWithValidOTP" time="17.169"/>
</testsuite> <!-- SeleniumAutomation.Tests.TestTo -->
